    459 A
    357 E
    309 R
    291 O
    279 N
    270 S
    270 I
    257 T
    196 e
    170 C
    168 L
    165 D
    156 a
    152 H
    131 P
    129 o
    128 i
    127 M
    125 n
    123 r
    111 G
    107 t
     95 s
     90 B
     83 U
     78 0
     74 l
     69 F
     67 K
     65 1
     64 V
     59 2
     57 W
     54 Y
     54 d
     52 J
     52 c
     45 h
     44 m
     43 X
     42 6
     41 5
     39 u
     37 y
     37 p
     37 4
     36 9
     36 3
     32 g
     31 Z
     31 7
     28 q
     28 f
     26 k
     25 b
     24 w
     23 x
     23 v
     21 Q
     21 8
     20 z
     20 j
